<?xml version="1.0" encoding="UTF-8"?>
<!-- Generated by org.testng.reporters.JUnitReportReporter -->
<testsuite hostname="DESKTOP-A7GMFS4" failures="0" tests="3" name="testNG.example5_TestNGkeyword5_dependsOnMethod2" time="0.019" errors="0" timestamp="2024-05-07T09:51:36 IST" skipped="0">
  <testcase classname="testNG.example5_TestNGkeyword5_dependsOnMethod2" name="login1" time="0.010"/>
  <system-out>
    <![CDATA[--running login1 TC--]]>
  </system-out>
  <testcase classname="testNG.example5_TestNGkeyword5_dependsOnMethod2" name="login2" time="0.008"/>
  <system-out>
    <![CDATA[--running login2 TC--]]>
  </system-out>
  <testcase classname="testNG.example5_TestNGkeyword5_dependsOnMethod2" name="logout" time="0.001"/>
  <system-out>
    <![CDATA[--running logout TC--]]>
  </system-out>
</testsuite> <!-- testNG.example5_TestNGkeyword5_dependsOnMethod2 -->
