<?xml version="1.0" encoding="UTF-8"?>
<!-- Generated by org.testng.reporters.JUnitReportReporter -->
<testsuite hostname="DESKTOP-A7GMFS4" failures="0" tests="1" name="testNG.example_N0rmal_Testclass" time="6.742" errors="0" timestamp="2024-05-07T09:55:22 IST" skipped="0">
  <testcase classname="testNG.example_N0rmal_Testclass" name="TC3" time="6.742"/>
  <system-out/>
</testsuite> <!-- testNG.example_N0rmal_Testclass -->
