<?xml version="1.0" encoding="UTF-8"?>
<!-- Generated by org.testng.reporters.JUnitReportReporter -->
<testsuite hostname="DESKTOP-A7GMFS4" failures="0" tests="4" name="testNG.exanple_alfabt" time="0.018" errors="0" timestamp="2024-05-07T09:17:33 IST" skipped="0">
  <testcase classname="testNG.exanple_alfabt" name="wqz" time="0.000"/>
  <system-out>
    <![CDATA[TC4 Passed]]>
  </system-out>
  <testcase classname="testNG.exanple_alfabt" name="xyz" time="0.001"/>
  <system-out>
    <![CDATA[TC2 Passed]]>
  </system-out>
  <testcase classname="testNG.exanple_alfabt" name="anu" time="0.001"/>
  <system-out>
    <![CDATA[TC1 Passed]]>
  </system-out>
  <testcase classname="testNG.exanple_alfabt" name="angad" time="0.016"/>
  <system-out>
    <![CDATA[TC3 Passed]]>
  </system-out>
</testsuite> <!-- testNG.exanple_alfabt -->
