<?xml version="1.0" encoding="UTF-8"?>
<!-- Generated by org.testng.reporters.JUnitReportReporter -->
<testsuite hostname="DESKTOP-A7GMFS4" failures="0" tests="1" name="testNG.paralllel" time="3.312" errors="0" timestamp="2024-05-07T18:03:58 IST" skipped="0">
  <testcase classname="testNG.paralllel" name="OpenGoogle" time="3.312"/>
  <system-out/>
</testsuite> <!-- testNG.paralllel -->
