<?xml version="1.0" encoding="UTF-8"?>
<!-- Generated by org.testng.reporters.JUnitReportReporter -->
<testsuite hostname="DESKTOP-A7GMFS4" failures="0" tests="3" name="testNG.exmale2_failedxmlfile" time="0.003" errors="0" timestamp="2024-05-07T17:54:19 IST" skipped="0">
  <testcase classname="testNG.exmale2_failedxmlfile" name="TC4" time="0.000"/>
  <system-out>
    <![CDATA[running TC4]]>
  </system-out>
  <testcase classname="testNG.exmale2_failedxmlfile" name="TC5" time="0.001"/>
  <system-out>
    <![CDATA[running TC5]]>
  </system-out>
  <testcase classname="testNG.exmale2_failedxmlfile" name="TC31" time="0.002"/>
  <system-out>
    <![CDATA[running TC3]]>
  </system-out>
</testsuite> <!-- testNG.exmale2_failedxmlfile -->
