<?xml version="1.0" encoding="UTF-8"?>
<!-- Generated by org.testng.reporters.JUnitReportReporter -->
<testsuite hostname="DESKTOP-A7GMFS4" failures="0" tests="2" name="testNG.exmple_dependsonMethod1" time="0.016" errors="0" timestamp="2024-05-07T09:34:30 IST" skipped="0">
  <testcase classname="testNG.exmple_dependsonMethod1" name="login" time="0.009"/>
  <system-out>
    <![CDATA[runnning login TC--,true]]>
  </system-out>
  <testcase classname="testNG.exmple_dependsonMethod1" name="logout" time="0.007"/>
  <system-out>
    <![CDATA[runnning logout TC--,true]]>
  </system-out>
</testsuite> <!-- testNG.exmple_dependsonMethod1 -->
