<?xml version="1.0" encoding="UTF-8"?>
<!-- Generated by org.testng.reporters.JUnitReportReporter -->
<testsuite hostname="DESKTOP-A7GMFS4" failures="0" tests="3" name="testNG.exmale_failedxmlfile" time="0.010" errors="0" timestamp="2024-05-07T17:54:19 IST" skipped="0">
  <testcase classname="testNG.exmale_failedxmlfile" name="TC1" time="0.009"/>
  <system-out>
    <![CDATA[running TC1]]>
  </system-out>
  <testcase classname="testNG.exmale_failedxmlfile" name="TC2" time="0.000"/>
  <system-out>
    <![CDATA[running TC2]]>
  </system-out>
  <testcase classname="testNG.exmale_failedxmlfile" name="TC3" time="0.001"/>
  <system-out>
    <![CDATA[running TC3]]>
  </system-out>
</testsuite> <!-- testNG.exmale_failedxmlfile -->
