<?xml version="1.0" encoding="UTF-8"?>
<!-- Generated by org.testng.reporters.JUnitReportReporter -->
<testsuite hostname="DESKTOP-A7GMFS4" failures="0" tests="1" name="testNG_Suite.B_AssertNotEquals" time="0.032" errors="0" timestamp="2024-05-07T11:37:50 IST" skipped="0">
  <testcase classname="testNG_Suite.B_AssertNotEquals" name="AssertNotEquals" time="0.032"/>
  <system-out/>
</testsuite> <!-- testNG_Suite.B_AssertNotEquals -->
