<?xml version="1.0" encoding="UTF-8"?>
<!-- Generated by org.testng.reporters.JUnitReportReporter -->
<testsuite hostname="DESKTOP-A7GMFS4" failures="0" tests="1" name="testNG.parallel2" time="13.265" errors="0" timestamp="2024-05-07T18:03:58 IST" skipped="0">
  <testcase classname="testNG.parallel2" name="FB" time="13.265"/>
  <system-out/>
</testsuite> <!-- testNG.parallel2 -->
