<?xml version="1.0" encoding="UTF-8"?>
<!-- Generated by org.testng.reporters.JUnitReportReporter -->
<testsuite hostname="DESKTOP-A7GMFS4" failures="0" tests="2" name="testNG.testNGAnnotation" time="0.017" errors="0" timestamp="2024-05-07T10:44:01 IST" skipped="0">
  <testcase classname="testNG.testNGAnnotation" name="verifyTitle2" time="0.002"/>
  <system-out>
    <![CDATA[running verifyTitle2 TC]]>
  </system-out>
  <testcase classname="testNG.testNGAnnotation" name="verifyTitle1" time="0.015"/>
  <system-out>
    <![CDATA[running verifyTitle1 TC]]>
  </system-out>
</testsuite> <!-- testNG.testNGAnnotation -->
