<?xml version="1.0" encoding="UTF-8"?>
<!-- Generated by org.testng.reporters.JUnitReportReporter -->
<testsuite hostname="DESKTOP-A7GMFS4" failures="0" tests="4" name="testNG.exmple_Innvocation" time="0.024" errors="0" timestamp="2024-05-08T09:24:03 IST" skipped="1">
  <testcase classname="testNG.exmple_Innvocation" name="xyz" time="0.003"/>
  <system-out>
    <![CDATA[TC2 Passed]]>
  </system-out>
  <testcase classname="testNG.exmple_Innvocation" name="abc" time="0.003"/>
  <system-out>
    <![CDATA[TC1 Passed]]>
  </system-out>
  <testcase classname="testNG.exmple_Innvocation" name="ard" time="0.018"/>
  <system-out>
    <![CDATA[TC3 Passed]]>
  </system-out>
  <testcase classname="testNG.exmple_Innvocation" name="acc">
    <skipped/>
  </testcase> <!-- acc -->
  <system-out/>
</testsuite> <!-- testNG.exmple_Innvocation -->
