<?xml version="1.0" encoding="UTF-8"?>
<!-- Generated by org.testng.reporters.JUnitReportReporter -->
<testsuite hostname="DESKTOP-A7GMFS4" failures="0" tests="1" name="testNG.example_SoftAssert" time="0.014" errors="0" timestamp="2024-05-07T10:13:10 IST" skipped="0">
  <testcase classname="testNG.example_SoftAssert" name="TC1" time="0.014"/>
  <system-out/>
</testsuite> <!-- testNG.example_SoftAssert -->
