<?xml version="1.0" encoding="UTF-8"?>
<!-- Generated by org.testng.reporters.JUnitReportReporter -->
<testsuite hostname="DESKTOP-A7GMFS4" failures="0" tests="3" name="testNG.enableReport" time="0.018" errors="0" timestamp="2024-05-07T08:40:28 IST" skipped="0">
  <testcase classname="testNG.enableReport" name="TC2" time="0.001"/>
  <system-out>
    <![CDATA[....TC2 Passed....]]>
  </system-out>
  <testcase classname="testNG.enableReport" name="TC3" time="0.001"/>
  <system-out>
    <![CDATA[....TC3 Passed....]]>
  </system-out>
  <testcase classname="testNG.enableReport" name="TC1" time="0.016"/>
  <system-out>
    <![CDATA[....TC1 Passed....]]>
  </system-out>
</testsuite> <!-- testNG.enableReport -->
