<?xml version="1.0" encoding="UTF-8"?>
<!-- Generated by org.testng.reporters.JUnitReportReporter -->
<testsuite hostname="DESKTOP-A7GMFS4" failures="0" tests="4" name="testNG.exmple_priority" time="0.009" errors="0" timestamp="2024-05-07T09:19:00 IST" skipped="0">
  <testcase classname="testNG.exmple_priority" name="TC2" time="0.008"/>
  <system-out>
    <![CDATA[TC2 Passed]]>
  </system-out>
  <testcase classname="testNG.exmple_priority" name="TC3" time="0.000"/>
  <system-out>
    <![CDATA[TC3 Passed]]>
  </system-out>
  <testcase classname="testNG.exmple_priority" name="TC4" time="0.001"/>
  <system-out>
    <![CDATA[TC4 Passed]]>
  </system-out>
  <testcase classname="testNG.exmple_priority" name="TC1" time="0.000"/>
  <system-out>
    <![CDATA[TC1 Passed]]>
  </system-out>
</testsuite> <!-- testNG.exmple_priority -->
