<?xml version="1.0" encoding="UTF-8"?>
<!-- Generated by org.testng.reporters.JUnitReportReporter -->
<testsuite hostname="DESKTOP-A7GMFS4" failures="0" tests="4" name="testNG_Suite.B_DisableTCE_with_include_exclude" time="0.027" errors="0" timestamp="2024-05-07T11:39:38 IST" skipped="0">
  <testcase classname="testNG_Suite.B_DisableTCE_with_include_exclude" name="TC4" time="0.001"/>
  <system-out>
    <![CDATA[running TC4...]]>
  </system-out>
  <testcase classname="testNG_Suite.B_DisableTCE_with_include_exclude" name="TC2" time="0.002"/>
  <system-out>
    <![CDATA[running TC2...]]>
  </system-out>
  <testcase classname="testNG_Suite.B_DisableTCE_with_include_exclude" name="TC3" time="0.001"/>
  <system-out>
    <![CDATA[running TC3...]]>
  </system-out>
  <testcase classname="testNG_Suite.B_DisableTCE_with_include_exclude" name="TC1" time="0.023"/>
  <system-out>
    <![CDATA[running TC1...]]>
  </system-out>
</testsuite> <!-- testNG_Suite.B_DisableTCE_with_include_exclude -->
