<?xml version="1.0" encoding="UTF-8"?>
<!-- Generated by org.testng.reporters.JUnitReportReporter -->
<testsuite hostname="DESKTOP-A7GMFS4" failures="0" tests="2" name="testNG_Grouping.A_Grouping_test_groups_run_include_exclude" time="0.022" errors="0" timestamp="2024-05-07T16:35:25 IST" skipped="0">
  <testcase classname="testNG_Grouping.A_Grouping_test_groups_run_include_exclude" name="TC3" time="0.001"/>
  <system-out>
    <![CDATA[Running TC3]]>
  </system-out>
  <testcase classname="testNG_Grouping.A_Grouping_test_groups_run_include_exclude" name="TC1" time="0.021"/>
  <system-out>
    <![CDATA[Running TC1]]>
  </system-out>
</testsuite> <!-- testNG_Grouping.A_Grouping_test_groups_run_include_exclude -->
