<?xml version="1.0" encoding="UTF-8"?>
<!-- Generated by org.testng.reporters.JUnitReportReporter -->
<testsuite hostname="DESKTOP-A7GMFS4" failures="0" tests="1" name="framwork.POM_DDF_TESTNG_1" time="6.061" errors="0" timestamp="2024-05-10T18:25:22 IST" skipped="0">
  <testcase classname="framwork.POM_DDF_TESTNG_1" name="VerifyTitle" time="6.061"/>
  <system-out/>
</testsuite> <!-- framwork.POM_DDF_TESTNG_1 -->
