<?xml version="1.0" encoding="UTF-8"?>
<!-- Generated by org.testng.reporters.JUnitReportReporter -->
<testsuite hostname="DESKTOP-A7GMFS4" failures="0" tests="1" name="testNG.example_hardAssert" time="0.011" errors="0" timestamp="2024-05-07T09:56:03 IST" skipped="0">
  <testcase classname="testNG.example_hardAssert" name="Verifyname" time="0.011"/>
  <system-out/>
</testsuite> <!-- testNG.example_hardAssert -->
